<?xml version="1.0" encoding="UTF-8"?>
<testsuite name="com.example.todolistapplication.ExampleUnitTest" tests="1" skipped="0" failures="0" errors="0" timestamp="2020-06-28T05:58:23" hostname="DESKTOP-FNTKLCA" time="0.002">
  <properties/>
  <testcase name="addition_isCorrect" classname="com.example.todolistapplication.ExampleUnitTest" time="0.002"/>
  <system-out><![CDATA[]]></system-out>
  <system-err><![CDATA[]]></system-err>
</testsuite>
